Using pre-set license
Built from '2020.2/staging' branch; Version is '2020.2.3f1 (8ff31bc5bf5b) revision 9433883'; Using compiler version '192528614'; Build Type 'Release'
OS: 'Windows 10 Home Single Language; OS build 19042.867; Version 2009; 64bit' Language: 'en' Physical Memory: 12167 MB
BatchMode: 1, IsHumanControllingUs: 0, StartBugReporterOnCrash: 0, Is64bit: 1, IsPro: 0

 COMMAND LINE ARGUMENTS:
C:\Program Files\Unity\Editor\Unity.exe
-adb2
-batchMode
-noUpm
-name
AssetImportWorker1
-projectPath
E:/covid19/3-2/alienide_Remote_internship/Repositories/Unit5_tutorial/Prototype5
-logFile
Logs/AssetImportWorker1.log
-srvPort
57463
Successfully changed project path to: E:/covid19/3-2/alienide_Remote_internship/Repositories/Unit5_tutorial/Prototype5
E:/covid19/3-2/alienide_Remote_internship/Repositories/Unit5_tutorial/Prototype5
Using Asset Import Pipeline V2.
Refreshing native plugins compatible for Editor in 52.92 ms, found 0 plugins.
Preloading 0 native plugins for Editor in 0.00 ms.
Initialize engine version: 2020.2.3f1 (8ff31bc5bf5b)
[Subsystems] Discovering subsystems at path C:/Program Files/Unity/Editor/Data/Resources/UnitySubsystems
[Subsystems] Discovering subsystems at path E:/covid19/3-2/alienide_Remote_internship/Repositories/Unit5_tutorial/Prototype5/Assets
GfxDevice: creating device client; threaded=0
Direct3D:
    Version:  Direct3D 11.0 [level 11.0]
    Renderer: NVIDIA GeForce MX110 (ID=0x174e)
    Vendor:   
    VRAM:     2010 MB
    Driver:   26.21.14.4287
Initialize mono
Mono path[0] = 'C:/Program Files/Unity/Editor/Data/Managed'
Mono path[1] = 'C:/Program Files/Unity/Editor/Data/MonoBleedingEdge/lib/mono/unityjit'
Mono config path = 'C:/Program Files/Unity/Editor/Data/MonoBleedingEdge/etc'
Using monoOptions --debugger-agent=transport=dt_socket,embedding=1,server=y,suspend=n,address=127.0.0.1:56828
Begin MonoManager ReloadAssembly
Registering precompiled unity dll's ...
Register platform support module: C:/Program Files/Unity/Editor/Data/PlaybackEngines/WindowsStandaloneSupport/UnityEditor.WindowsStandalone.Extensions.dll
Registered in 0.005108 seconds.
Native extension for WindowsStandalone target not found
Refreshing native plugins compatible for Editor in 32.31 ms, found 0 plugins.
Preloading 0 native plugins for Editor in 0.00 ms.
Invoked RoslynAnalysisRunner static constructor.
RoslynAnalysisRunner will not be running.
RoslynAnalysisRunner has terminated.
Mono: successfully reloaded assembly
- Completed reload, in  1.956 seconds
Platform modules already initialized, skipping
Registering precompiled user dll's ...
Registered in 0.000771 seconds.
Begin MonoManager ReloadAssembly
Native extension for WindowsStandalone target not found
Refreshing native plugins compatible for Editor in 0.33 ms, found 0 plugins.
Preloading 0 native plugins for Editor in 0.00 ms.
Invoked RoslynAnalysisRunner static constructor.
RoslynAnalysisRunner will not be running.
RoslynAnalysisRunner has terminated.
Mono: successfully reloaded assembly
- Completed reload, in  1.608 seconds
Platform modules already initialized, skipping
========================================================================
Worker process is ready to serve import requests
Launched and connected shader compiler UnityShaderCompiler.exe after 0.26 seconds
Refreshing native plugins compatible for Editor in 0.22 ms, found 0 plugins.
Preloading 0 native plugins for Editor in 0.00 ms.
Unloading 1101 Unused Serialized files (Serialized files now loaded: 0)
System memory in use before: 57.0 MB.
System memory in use after: 57.1 MB.

Unloading 10 unused Assets to reduce memory usage. Loaded Objects now: 1542.
Total: 2.067800 ms (FindLiveObjects: 0.253300 ms CreateObjectMapping: 0.064000 ms MarkObjects: 1.660900 ms  DeleteObjects: 0.087900 ms)

========================================================================
Received Import Request.
  path: Assets/Scenes/Prototype 5.unity
  artifactKey: Guid(84729eeda748340d0955715b6a50b370) Importer(815301076,1909f56bfc062723c751e8b465ee728b)
Start importing Assets/Scenes/Prototype 5.unity using Guid(84729eeda748340d0955715b6a50b370) Importer(815301076,1909f56bfc062723c751e8b465ee728b)  -> (artifact id: '7b0315e9c2ab75f3a09a7de1f4a50006') in 0.087836 seconds
  Import took 0.090517 seconds .

========================================================================
Received Import Request.
  Time since last request: 235.342247 seconds.
  path: Assets/Scenes/SampleScene.unity
  artifactKey: Guid(9fc0d4010bbf28b4594072e72b8655ab) Importer(815301076,1909f56bfc062723c751e8b465ee728b)
Start importing Assets/Scenes/SampleScene.unity using Guid(9fc0d4010bbf28b4594072e72b8655ab) Importer(815301076,1909f56bfc062723c751e8b465ee728b)  -> (artifact id: 'a0ba9fd0a808516969c642a6079d4ee5') in 0.002301 seconds
  Import took 0.074897 seconds .

========================================================================
Received Import Request.
  Time since last request: 386.963493 seconds.
  path: Assets/Course Library/Props/Other/Crate_01.prefab
  artifactKey: Guid(71782582b9d2cac4cba5251a3b767d13) Importer(815301076,1909f56bfc062723c751e8b465ee728b)
Start importing Assets/Course Library/Props/Other/Crate_01.prefab using Guid(71782582b9d2cac4cba5251a3b767d13) Importer(815301076,1909f56bfc062723c751e8b465ee728b)  -> (artifact id: 'e1098120115a537b795f4e6974553d4e') in 1.237208 seconds
  Import took 1.268192 seconds .

========================================================================
Received Import Request.
  Time since last request: 2.731050 seconds.
  path: Assets/Course Library/Props/Other/Synty_Cube_01.prefab
  artifactKey: Guid(feddb6666a6474b4a80e6e7fc805f21f) Importer(815301076,1909f56bfc062723c751e8b465ee728b)
Start importing Assets/Course Library/Props/Other/Synty_Cube_01.prefab using Guid(feddb6666a6474b4a80e6e7fc805f21f) Importer(815301076,1909f56bfc062723c751e8b465ee728b)  -> (artifact id: '036005215304e25e8892daf08a5ffe58') in 0.253644 seconds
  Import took 0.255793 seconds .

========================================================================
Received Import Request.
  Time since last request: 240.860347 seconds.
  path: Assets/Scripts
  artifactKey: Guid(4d939e73443f037478c0401aeafe1b71) Importer(815301076,1909f56bfc062723c751e8b465ee728b)
Start importing Assets/Scripts using Guid(4d939e73443f037478c0401aeafe1b71) Importer(815301076,1909f56bfc062723c751e8b465ee728b)  -> (artifact id: 'e47bba32759fec6afe6131c524a84ee0') in 0.002124 seconds
  Import took 0.004578 seconds .

========================================================================
Received Import Request.
  Time since last request: 7.346992 seconds.
  path: Assets/Course Library
  artifactKey: Guid(10a492cb0e85ae145b9cc221cc7928fa) Importer(815301076,1909f56bfc062723c751e8b465ee728b)
Start importing Assets/Course Library using Guid(10a492cb0e85ae145b9cc221cc7928fa) Importer(815301076,1909f56bfc062723c751e8b465ee728b)  -> (artifact id: '7bfde6df54fa2032197ded72d2389326') in 0.001602 seconds
  Import took 0.003890 seconds .

========================================================================
Received Import Request.
  Time since last request: 0.759475 seconds.
  path: Assets/Scenes
  artifactKey: Guid(9a27b57906866634d9d330f918556c43) Importer(815301076,1909f56bfc062723c751e8b465ee728b)
Start importing Assets/Scenes using Guid(9a27b57906866634d9d330f918556c43) Importer(815301076,1909f56bfc062723c751e8b465ee728b)  -> (artifact id: 'ebab0fa83e896e8388ae6c7b029f05ac') in 0.002255 seconds
  Import took 0.005064 seconds .

========================================================================
Received Import Request.
  Time since last request: 0.000748 seconds.
  path: Assets/Scenes
  artifactKey: Guid(9a27b57906866634d9d330f918556c43) Importer(815301076,1909f56bfc062723c751e8b465ee728b)
Start importing Assets/Scenes using Guid(9a27b57906866634d9d330f918556c43) Importer(815301076,1909f56bfc062723c751e8b465ee728b)  -> (artifact id: 'ebab0fa83e896e8388ae6c7b029f05ac') in 0.001168 seconds
  Import took 0.003346 seconds .

========================================================================
Received Prepare
Registering precompiled user dll's ...
Registered in 0.000718 seconds.
Begin MonoManager ReloadAssembly
Native extension for WindowsStandalone target not found
Refreshing native plugins compatible for Editor in 0.21 ms, found 0 plugins.
Preloading 0 native plugins for Editor in 0.00 ms.
Invoked RoslynAnalysisRunner static constructor.
RoslynAnalysisRunner will not be running.
RoslynAnalysisRunner has terminated.
Mono: successfully reloaded assembly
- Completed reload, in  0.817 seconds
Platform modules already initialized, skipping
Refreshing native plugins compatible for Editor in 0.20 ms, found 0 plugins.
Preloading 0 native plugins for Editor in 0.00 ms.
Unloading 1096 Unused Serialized files (Serialized files now loaded: 0)
System memory in use before: 60.1 MB.
System memory in use after: 60.1 MB.

Unloading 5 unused Assets to reduce memory usage. Loaded Objects now: 1552.
Total: 3.303300 ms (FindLiveObjects: 0.303100 ms CreateObjectMapping: 0.242100 ms MarkObjects: 2.675700 ms  DeleteObjects: 0.079400 ms)

========================================================================
Received Import Request.
  Time since last request: 178.557629 seconds.
  path: Assets/Scripts/Target.cs
  artifactKey: Guid(04f8c7886d8a1bc48beef9b78ce826eb) Importer(815301076,1909f56bfc062723c751e8b465ee728b)
Start importing Assets/Scripts/Target.cs using Guid(04f8c7886d8a1bc48beef9b78ce826eb) Importer(815301076,1909f56bfc062723c751e8b465ee728b)  -> (artifact id: '6bdaa480622bdcdcd681d802d83eb04b') in 0.146514 seconds
  Import took 0.148210 seconds .

========================================================================
Received Import Request.
  Time since last request: 86.967273 seconds.
  path: Assets/Prefabs
  artifactKey: Guid(e3774bebbbf5ab2469cae803e0e3fdcb) Importer(815301076,1909f56bfc062723c751e8b465ee728b)
Start importing Assets/Prefabs using Guid(e3774bebbbf5ab2469cae803e0e3fdcb) Importer(815301076,1909f56bfc062723c751e8b465ee728b)  -> (artifact id: '19e2c7cc5fc58121519e0a0773b68061') in 0.002374 seconds
  Import took 0.005113 seconds .

========================================================================
Received Import Request.
  Time since last request: 0.000966 seconds.
  path: Assets/Prefabs
  artifactKey: Guid(e3774bebbbf5ab2469cae803e0e3fdcb) Importer(815301076,1909f56bfc062723c751e8b465ee728b)
Start importing Assets/Prefabs using Guid(e3774bebbbf5ab2469cae803e0e3fdcb) Importer(815301076,1909f56bfc062723c751e8b465ee728b)  -> (artifact id: '19e2c7cc5fc58121519e0a0773b68061') in 0.001739 seconds
  Import took 0.004217 seconds .

========================================================================
Received Import Request.
  Time since last request: 16.245564 seconds.
  path: Assets/Prefabs/Good 1.prefab
  artifactKey: Guid(c6fc022ea0691c2469f85792e00648c2) Importer(815301076,1909f56bfc062723c751e8b465ee728b)
Start importing Assets/Prefabs/Good 1.prefab using Guid(c6fc022ea0691c2469f85792e00648c2) Importer(815301076,1909f56bfc062723c751e8b465ee728b)  -> (artifact id: 'b08a6ae84f4fdc1d2be15f0330f3d057') in 0.081929 seconds
  Import took 0.084534 seconds .

========================================================================
Received Import Request.
  Time since last request: 8.585192 seconds.
  path: Assets/Prefabs/Good 2.prefab
  artifactKey: Guid(b23f09dff7c8a49479e32fa59e460b74) Importer(815301076,1909f56bfc062723c751e8b465ee728b)
Start importing Assets/Prefabs/Good 2.prefab using Guid(b23f09dff7c8a49479e32fa59e460b74) Importer(815301076,1909f56bfc062723c751e8b465ee728b)  -> (artifact id: '277b7528ed931ef98a10fb760b5c3ee8') in 0.010335 seconds
  Import took 0.045225 seconds .

========================================================================
Received Import Request.
  Time since last request: 6.308690 seconds.
  path: Assets/Prefabs/Good 3.prefab
  artifactKey: Guid(c722b0a13b2d02841b6c3772fdd96a36) Importer(815301076,1909f56bfc062723c751e8b465ee728b)
Start importing Assets/Prefabs/Good 3.prefab using Guid(c722b0a13b2d02841b6c3772fdd96a36) Importer(815301076,1909f56bfc062723c751e8b465ee728b)  -> (artifact id: '9f24a0b0976d99deaaa0d110cacc507a') in 0.010386 seconds
  Import took 0.013065 seconds .

========================================================================
Received Import Request.
  Time since last request: 4.807916 seconds.
  path: Assets/Prefabs/Bad 1.prefab
  artifactKey: Guid(1b1f2d10a8e6be6438bf4c1799f830ef) Importer(815301076,1909f56bfc062723c751e8b465ee728b)
Start importing Assets/Prefabs/Bad 1.prefab using Guid(1b1f2d10a8e6be6438bf4c1799f830ef) Importer(815301076,1909f56bfc062723c751e8b465ee728b)  -> (artifact id: 'a589282ba5fcccb03e3989e940d867a5') in 0.013392 seconds
  Import took 0.016479 seconds .

AssetImportWorkerClient::OnTransportError - code=2 error=End of file
